;  LST file generated by mikroListExporter - v.2.0 
; Date/Time: 24.05.2022 14:08:02
;----------------------------------------------

;Address Opcode 	ASM
0x0000	0x02004E  	LJMP 78
0x0003	0x020000  	LJMP 0
0x0006	0x00      	NOP
0x0007	0x00      	NOP
0x0008	0x00      	NOP
0x0009	0x00      	NOP
0x000A	0x00      	NOP
0x000B	0x020000  	LJMP 0
0x000E	0x00      	NOP
0x000F	0x00      	NOP
0x0010	0x00      	NOP
0x0011	0x00      	NOP
0x0012	0x00      	NOP
0x0013	0x020000  	LJMP 0
0x0016	0x00      	NOP
0x0017	0x00      	NOP
0x0018	0x00      	NOP
0x0019	0x00      	NOP
0x001A	0x00      	NOP
0x001B	0x020000  	LJMP 0
0x001E	0x00      	NOP
0x001F	0x00      	NOP
0x0020	0x00      	NOP
0x0021	0x00      	NOP
0x0022	0x00      	NOP
0x0023	0x020000  	LJMP 0
0x0026	0x00      	NOP
0x0027	0x00      	NOP
0x0028	0x00      	NOP
0x0029	0x00      	NOP
0x002A	0x00      	NOP
0x002B	0x020000  	LJMP 0
_write:
;uart.c,23 :: 		void write(unsigned char character){
;uart.c,24 :: 		SBUF=character;      // Load the character to be transmitted in to the buffer reg
0x002E	0x850899  	MOV SBUF, FARG_write_character+0
;uart.c,25 :: 		while(!TI_bit);          // Wait until transmission complete
L_write4:
0x0031	0x209902  	JB TI_bit, L_write5
0x0034	0x80FB    	SJMP L_write4
L_write5:
;uart.c,26 :: 		TI_bit=0;                // Clear flag
0x0036	0xC299    	CLR TI_bit
;uart.c,27 :: 		}
0x0038	0x22      	RET
; end of _write
___CC2D:
;__Lib_System.c,13 :: 		
;__Lib_System.c,15 :: 		
_CC2D_Loop1:
;__Lib_System.c,16 :: 		
0x0039	0xE4      	CLR A
;__Lib_System.c,17 :: 		
0x003A	0x93      	MOVC A, @A+DPTR
;__Lib_System.c,18 :: 		
0x003B	0xF6      	MOV @R0, A
;__Lib_System.c,19 :: 		
0x003C	0x08      	INC R0
;__Lib_System.c,20 :: 		
0x003D	0xA3      	INC DPTR
;__Lib_System.c,21 :: 		
0x003E	0xD9F9    	DJNZ R1, _CC2D_Loop1
;__Lib_System.c,23 :: 		
0x0040	0x22      	RET
; end of ___CC2D
_read:
;uart.c,15 :: 		unsigned char read(){
;uart.c,17 :: 		while(!RI_bit);                           // Wait until character received completely
L_read2:
0x0041	0x209802  	JB RI_bit, L_read3
0x0044	0x80FB    	SJMP L_read2
L_read3:
;uart.c,18 :: 		character=SBUF;                       // Read the character from buffer reg
0x0046	0x859908  	MOV read_character_L0, SBUF+0
;uart.c,19 :: 		RI_bit=0;                                 // Clear the flag
0x0049	0xC298    	CLR RI_bit
;uart.c,20 :: 		return character;                     // Return the received character
0x004B	0xA808    	MOV R0, read_character_L0
;uart.c,21 :: 		}
0x004D	0x22      	RET
; end of _read
_main:
0x004E	0x758180  	MOV SP, #128
;uart.c,4 :: 		void main() {
;uart.c,5 :: 		SCON=0x50;              // Configure serial control register
0x0051	0x759850  	MOV SCON, #80
;uart.c,6 :: 		PCON=0;              // SMOD bit set
0x0054	0x758700  	MOV PCON, #0
;uart.c,7 :: 		TMOD=0x20;              // Using timer1,8-bit reload mode for baudrate generation
0x0057	0x758920  	MOV TMOD, #32
;uart.c,8 :: 		TH1=0xF5;               // 9600 baudrate(16 mhz clock)
0x005A	0x758DF5  	MOV TH1, #245
;uart.c,9 :: 		TR1_bit=1;                  // Start timer
0x005D	0xD28E    	SETB TR1_bit
;uart.c,10 :: 		while (1) {
L_main0:
;uart.c,11 :: 		write(read());
0x005F	0x1141    	ACALL _read
0x0061	0x850008  	MOV FARG_write_character, 0
0x0064	0x112E    	ACALL _write
;uart.c,12 :: 		}
0x0066	0x80F7    	SJMP L_main0
;uart.c,13 :: 		}
0x0068	0x80FE    	SJMP #254
; end of _main
Symbol List:
//** Routines locations **
//ADDRESS    SIZE    PROCEDURE
//----------------------------------------------
0x002E      [11]    _write
0x0039       [8]    ___CC2D
0x0041      [13]    _read
0x004E      [28]    _main
//** Variables locations ** 
//ADDRESS    SIZE    VARIABLE
//----------------------------------------------
0x0000       [1]    R0
0x0001       [1]    R1
0x0002       [1]    R2
0x0003       [1]    R3
0x0004       [1]    R4
0x0005       [1]    R5
0x0006       [1]    R6
0x0007       [1]    R7
0x0008       [1]    FARG_write_character
0x0008       [1]    read_character_L0
0x0081       [1]    SP
0x0082       [1]    DPL
0x0083       [1]    DPH
0x0087       [1]    PCON
0x0088       [0]    TR1_bit
0x0089       [1]    TMOD
0x008D       [1]    TH1
0x0098       [1]    SCON
0x0098       [0]    TI_bit
0x0098       [0]    RI_bit
0x0099       [1]    SBUF
0x00D0       [1]    PSW
0x00E0       [1]    ACC
0x00F0       [1]    B
//** Label List: ** 
//----------------------------------------------
  L_main0
  L_main1
  L_read2
  L_read3
  L_write4
  L_write5
  _main
  _read
  _write
  _CC2D_Loop1
  _CC2PD_Loop1
  _CC2XD_Loop1
  ___DoIFC
  ___CC2D
  ___CC2PD
  ___CC2XD
