;  LST file generated by mikroListExporter - v.2.0 
; Date/Time: 12.04.2024 11:45:30
;----------------------------------------------

;Address Opcode 	ASM
0x0000	0x020036  	LJMP 54
0x0003	0x020000  	LJMP 0
0x0006	0x00      	NOP
0x0007	0x00      	NOP
0x0008	0x00      	NOP
0x0009	0x00      	NOP
0x000A	0x00      	NOP
0x000B	0x020000  	LJMP 0
0x000E	0x00      	NOP
0x000F	0x00      	NOP
0x0010	0x00      	NOP
0x0011	0x00      	NOP
0x0012	0x00      	NOP
0x0013	0x020000  	LJMP 0
0x0016	0x00      	NOP
0x0017	0x00      	NOP
0x0018	0x00      	NOP
0x0019	0x00      	NOP
0x001A	0x00      	NOP
0x001B	0x020000  	LJMP 0
0x001E	0x00      	NOP
0x001F	0x00      	NOP
0x0020	0x00      	NOP
0x0021	0x00      	NOP
0x0022	0x00      	NOP
0x0023	0x020000  	LJMP 0
0x0026	0x00      	NOP
0x0027	0x00      	NOP
0x0028	0x00      	NOP
0x0029	0x00      	NOP
0x002A	0x00      	NOP
0x002B	0x020000  	LJMP 0
___CC2D:
;__Lib_System.c,13 :: 		
;__Lib_System.c,15 :: 		
_CC2D_Loop1:
;__Lib_System.c,16 :: 		
0x002E	0xE4      	CLR A
;__Lib_System.c,17 :: 		
0x002F	0x93      	MOVC A, @A+DPTR
;__Lib_System.c,18 :: 		
0x0030	0xF6      	MOV @R0, A
;__Lib_System.c,19 :: 		
0x0031	0x08      	INC R0
;__Lib_System.c,20 :: 		
0x0032	0xA3      	INC DPTR
;__Lib_System.c,21 :: 		
0x0033	0xD9F9    	DJNZ R1, _CC2D_Loop1
;__Lib_System.c,23 :: 		
0x0035	0x22      	RET
; end of ___CC2D
_main:
0x0036	0x758180  	MOV SP, #128
;lab1.c,34 :: 		void main() {
;lab1.c,35 :: 		char a = 7;
0x0039	0x750807  	MOV main_a_L0, #7
0x003C	0x750900  	MOV main_b_L0, #0
0x003F	0x750A00  	MOV main_b_L0+1, #0
;lab1.c,36 :: 		int b = 0;
;lab1.c,38 :: 		do {
L_main0:
;lab1.c,39 :: 		a = a*2+1;
0x0042	0x7801    	MOV R0, #1
0x0044	0xE508    	MOV A, main_a_L0
0x0046	0x08      	INC R0
0x0047	0x8002    	SJMP L__main10
L__main11:
0x0049	0xC3      	CLR C
0x004A	0x33      	RLC A
L__main10:
0x004B	0xD8FC    	DJNZ R0, L__main11
0x004D	0xF9      	MOV R1, A
0x004E	0x7801    	MOV R0, #1
0x0050	0xE9      	MOV A, R1
0x0051	0x28      	ADD A, R0
0x0052	0xF9      	MOV R1, A
0x0053	0x850108  	MOV main_a_L0, 1
;lab1.c,40 :: 		if(a>=255){
0x0056	0xC3      	CLR C
0x0057	0xE9      	MOV A, R1
0x0058	0x94FF    	SUBB A, #255
0x005A	0x4003    	JC L_main3
;lab1.c,41 :: 		a = 1;
0x005C	0x750801  	MOV main_a_L0, #1
;lab1.c,42 :: 		}
L_main3:
;lab1.c,43 :: 		if(a>128){
0x005F	0xD3      	SETB C
0x0060	0xE508    	MOV A, main_a_L0
0x0062	0x9480    	SUBB A, #128
0x0064	0x401D    	JC L_main4
;lab1.c,44 :: 		b=b+1;
0x0066	0x7401    	MOV A, #1
0x0068	0x2509    	ADD A, main_b_L0
0x006A	0xF509    	MOV main_b_L0, A
0x006C	0x7400    	MOV A, #0
0x006E	0x350A    	ADDC A, main_b_L0+1
0x0070	0xF50A    	MOV main_b_L0+1, A
;lab1.c,45 :: 		a=a<<1;
0x0072	0x7801    	MOV R0, #1
0x0074	0xE508    	MOV A, main_a_L0
0x0076	0x08      	INC R0
0x0077	0x8002    	SJMP L__main12
L__main13:
0x0079	0xC3      	CLR C
0x007A	0x33      	RLC A
L__main12:
0x007B	0xD8FC    	DJNZ R0, L__main13
0x007D	0xF508    	MOV main_a_L0, A
;lab1.c,46 :: 		a=a+1;
0x007F	0x0508    	INC main_a_L0
;lab1.c,47 :: 		}
0x0081	0x800D    	SJMP L_main5
L_main4:
;lab1.c,49 :: 		a=a<<1;
0x0083	0x7801    	MOV R0, #1
0x0085	0xE508    	MOV A, main_a_L0
0x0087	0x08      	INC R0
0x0088	0x8002    	SJMP L__main14
L__main15:
0x008A	0xC3      	CLR C
0x008B	0x33      	RLC A
L__main14:
0x008C	0xD8FC    	DJNZ R0, L__main15
0x008E	0xF508    	MOV main_a_L0, A
L_main5:
;lab1.c,51 :: 		if(b==0){
0x0090	0xE509    	MOV A, main_b_L0
0x0092	0x450A    	ORL A, main_b_L0+1
0x0094	0x7003    	JNZ L_main6
;lab1.c,52 :: 		P0 = a; }     // Turn ON diodes on PORT0
0x0096	0x850880  	MOV P0, main_a_L0+0
L_main6:
;lab1.c,53 :: 		if(b==1)
0x0099	0x7401    	MOV A, #1
0x009B	0x6509    	XRL A, main_b_L0
0x009D	0x7004    	JNZ L__main16
0x009F	0x7400    	MOV A, #0
0x00A1	0x650A    	XRL A, main_b_L0+1
L__main16:
0x00A3	0x7003    	JNZ L_main7
;lab1.c,54 :: 		P1 = a;        // Turn ON diodes on PORT1
0x00A5	0x850890  	MOV P1, main_a_L0+0
L_main7:
;lab1.c,55 :: 		if(b==2)
0x00A8	0x7402    	MOV A, #2
0x00AA	0x6509    	XRL A, main_b_L0
0x00AC	0x7004    	JNZ L__main17
0x00AE	0x7400    	MOV A, #0
0x00B0	0x650A    	XRL A, main_b_L0+1
L__main17:
0x00B2	0x7003    	JNZ L_main8
;lab1.c,56 :: 		P2 = a;        // Turn ON diodes on PORT2
0x00B4	0x8508A0  	MOV P2, main_a_L0+0
L_main8:
;lab1.c,57 :: 		if(b==3)
0x00B7	0x7403    	MOV A, #3
0x00B9	0x6509    	XRL A, main_b_L0
0x00BB	0x7004    	JNZ L__main18
0x00BD	0x7400    	MOV A, #0
0x00BF	0x650A    	XRL A, main_b_L0+1
L__main18:
0x00C1	0x7009    	JNZ L_main9
;lab1.c,59 :: 		P3 = a;
0x00C3	0x8508B0  	MOV P3, main_a_L0+0
;lab1.c,60 :: 		b=0;        // Turn ON diodes on PORT3
0x00C6	0x750900  	MOV main_b_L0, #0
0x00C9	0x750A00  	MOV main_b_L0+1, #0
;lab1.c,61 :: 		}
L_main9:
;lab1.c,63 :: 		Delay_ms(500);   // 1 second delay
0x00CC	0x7D04    	MOV R5, 4
0x00CE	0x7E2B    	MOV R6, 43
0x00D0	0x7F9D    	MOV R7, 157
0x00D2	0xDFFE    	DJNZ R7, PC-2
0x00D4	0xDEFC    	DJNZ R6, PC-4
0x00D6	0xDDFA    	DJNZ R5, PC-6
;lab1.c,71 :: 		} while(1);         // Endless loop
0x00D8	0x0142    	AJMP L_main0
;lab1.c,72 :: 		}
0x00DA	0x80FE    	SJMP #254
; end of _main
Symbol List:
//** Routines locations **
//ADDRESS    SIZE    PROCEDURE
//----------------------------------------------
0x002E       [8]    ___CC2D
0x0036     [166]    _main
//** Variables locations ** 
//ADDRESS    SIZE    VARIABLE
//----------------------------------------------
0x0000       [1]    R0
0x0001       [1]    R1
0x0002       [1]    R2
0x0003       [1]    R3
0x0004       [1]    R4
0x0005       [1]    R5
0x0006       [1]    R6
0x0007       [1]    R7
0x0008       [1]    main_a_L0
0x0009       [2]    main_b_L0
0x0080       [1]    P0
0x0081       [1]    SP
0x0082       [1]    DPL
0x0083       [1]    DPH
0x0090       [1]    P1
0x00A0       [1]    P2
0x00B0       [1]    P3
0x00D0       [1]    PSW
0x00E0       [1]    ACC
0x00F0       [1]    B
//** Label List: ** 
//----------------------------------------------
  L_main0
  L_main1
  L_main2
  L_main3
  L_main4
  L_main5
  L_main6
  L_main7
  L_main8
  L_main9
  _main
  L__main10
  L__main11
  L__main12
  L__main13
  L__main14
  L__main15
  L__main16
  L__main17
  L__main18
  _CC2D_Loop1
  _CC2PD_Loop1
  _CC2XD_Loop1
  ___DoIFC
  ___CC2D
  ___CC2PD
  ___CC2XD
