;  LST file generated by mikroListExporter - v.2.0 
; Date/Time: 28.05.2024 2:00:36
;----------------------------------------------

;Address Opcode 	ASM
0x0000	0x020132  	LJMP 306
0x0003	0x020000  	LJMP 0
0x0006	0x00      	NOP
0x0007	0x00      	NOP
0x0008	0x00      	NOP
0x0009	0x00      	NOP
0x000A	0x00      	NOP
0x000B	0x020000  	LJMP 0
0x000E	0x00      	NOP
0x000F	0x00      	NOP
0x0010	0x00      	NOP
0x0011	0x00      	NOP
0x0012	0x00      	NOP
0x0013	0x020000  	LJMP 0
0x0016	0x00      	NOP
0x0017	0x00      	NOP
0x0018	0x00      	NOP
0x0019	0x00      	NOP
0x001A	0x00      	NOP
0x001B	0x020000  	LJMP 0
0x001E	0x00      	NOP
0x001F	0x00      	NOP
0x0020	0x00      	NOP
0x0021	0x00      	NOP
0x0022	0x00      	NOP
0x0023	0x020000  	LJMP 0
0x0026	0x00      	NOP
0x0027	0x00      	NOP
0x0028	0x00      	NOP
0x0029	0x00      	NOP
0x002A	0x00      	NOP
0x002B	0x020000  	LJMP 0
_LCDsend4bit:
;MyProject.c,26 :: 		void LCDsend4bit(char buf){
;MyProject.c,27 :: 		Delay_ms(20);
0x002E	0x7E21    	MOV R6, 33
0x0030	0x7F6B    	MOV R7, 107
0x0032	0xDFFE    	DJNZ R7, PC-2
0x0034	0xDEFC    	DJNZ R6, PC-4
0x0036	0x00      	NOP
;MyProject.c,28 :: 		P2 = buf;
0x0037	0x8518A0  	MOV P2, FARG_LCDsend4bit_buf+0
;MyProject.c,29 :: 		if(comFlag == 1){
0x003A	0xE530    	MOV A, _flags
0x003C	0x30E204  	JNB ACC.B2, L_LCDsend4bit0
;MyProject.c,30 :: 		LCD_RS = 0;
0x003F	0xC292    	CLR P1_2_bit
;MyProject.c,31 :: 		}
0x0041	0x8002    	SJMP L_LCDsend4bit1
L_LCDsend4bit0:
;MyProject.c,33 :: 		LCD_RS = 1;
0x0043	0xD292    	SETB P1_2_bit
;MyProject.c,34 :: 		}
L_LCDsend4bit1:
;MyProject.c,35 :: 		Delay_ms(2);
0x0045	0x7E04    	MOV R6, 4
0x0047	0x7F3C    	MOV R7, 60
0x0049	0xDFFE    	DJNZ R7, PC-2
0x004B	0xDEFC    	DJNZ R6, PC-4
0x004D	0x00      	NOP
;MyProject.c,36 :: 		LCD_EN = 1;
0x004E	0xD295    	SETB P1_5_bit
;MyProject.c,37 :: 		Delay_ms(2);
0x0050	0x7E04    	MOV R6, 4
0x0052	0x7F3C    	MOV R7, 60
0x0054	0xDFFE    	DJNZ R7, PC-2
0x0056	0xDEFC    	DJNZ R6, PC-4
0x0058	0x00      	NOP
;MyProject.c,38 :: 		LCD_EN = 0;
0x0059	0xC295    	CLR P1_5_bit
;MyProject.c,39 :: 		}
0x005B	0x22      	RET
; end of _LCDsend4bit
_LCDsend:
;MyProject.c,41 :: 		void LCDsend(char buf){
;MyProject.c,42 :: 		LCDsend4bit(buf&0xf0);
0x005C	0xE517    	MOV A, FARG_LCDsend_buf
0x005E	0x54F0    	ANL A, #240
0x0060	0xF518    	MOV FARG_LCDsend4bit_buf, A
0x0062	0x112E    	ACALL _LCDsend4bit
;MyProject.c,43 :: 		LCDsend4bit(buf<<4);
0x0064	0x7804    	MOV R0, #4
0x0066	0xE517    	MOV A, FARG_LCDsend_buf
0x0068	0x08      	INC R0
0x0069	0x8002    	SJMP L__LCDsend51
L__LCDsend52:
0x006B	0xC3      	CLR C
0x006C	0x33      	RLC A
L__LCDsend51:
0x006D	0xD8FC    	DJNZ R0, L__LCDsend52
0x006F	0xF518    	MOV FARG_LCDsend4bit_buf, A
0x0071	0x112E    	ACALL _LCDsend4bit
;MyProject.c,44 :: 		}
0x0073	0x22      	RET
; end of _LCDsend
_LCDsendSymb:
;MyProject.c,57 :: 		void LCDsendSymb(char symbol)
;MyProject.c,59 :: 		cursorPos++;
0x0074	0x0531    	INC _cursorPos
;MyProject.c,60 :: 		comFlag = 0;
0x0076	0xC3      	CLR C
0x0077	0xE530    	MOV A, _flags
0x0079	0x92E2    	MOV #224.B2, C
0x007B	0xF530    	MOV _flags, A
;MyProject.c,61 :: 		LCDsend(symbol);
0x007D	0x851617  	MOV FARG_LCDsend_buf, FARG_LCDsendSymb_symbol+0
0x0080	0x115C    	ACALL _LCDsend
;MyProject.c,62 :: 		}
0x0082	0x22      	RET
; end of _LCDsendSymb
_LCDsendCom:
;MyProject.c,46 :: 		void LCDsendCom(char command){
;MyProject.c,47 :: 		comFlag = 1;
0x0083	0xD3      	SETB C
0x0084	0xE530    	MOV A, _flags
0x0086	0x92E2    	MOV #224.B2, C
0x0088	0xF530    	MOV _flags, A
;MyProject.c,48 :: 		LCDsend(command);
0x008A	0x851617  	MOV FARG_LCDsend_buf, FARG_LCDsendCom_command+0
0x008D	0x115C    	ACALL _LCDsend
;MyProject.c,49 :: 		}
0x008F	0x22      	RET
; end of _LCDsendCom
_LCDclear:
;MyProject.c,51 :: 		void LCDclear()
;MyProject.c,53 :: 		cursorPos = 0;
0x0090	0x753100  	MOV _cursorPos, #0
;MyProject.c,54 :: 		LCDsendCom(CLEAR);
0x0093	0x751601  	MOV FARG_LCDsendCom_command, #1
0x0096	0x1183    	ACALL _LCDsendCom
;MyProject.c,55 :: 		}
0x0098	0x22      	RET
; end of _LCDclear
_LCDsendData:
;MyProject.c,71 :: 		void LCDsendData(char* symbols)
;MyProject.c,73 :: 		char iter = 0;
0x0099	0x751500  	MOV LCDsendData_iter_L0, #0
;MyProject.c,74 :: 		while(*(symbols+iter) != 0)
L_LCDsendData2:
0x009C	0xE514    	MOV A, FARG_LCDsendData_symbols
0x009E	0x2515    	ADD A, LCDsendData_iter_L0
0x00A0	0xF8      	MOV R0, A
0x00A1	0x8601    	MOV R1, @R0
0x00A3	0xE9      	MOV A, R1
0x00A4	0x6018    	JZ L_LCDsendData3
;MyProject.c,76 :: 		LCDsendSymb(*(symbols+iter));
0x00A6	0xE514    	MOV A, FARG_LCDsendData_symbols
0x00A8	0x2515    	ADD A, LCDsendData_iter_L0
0x00AA	0xF8      	MOV R0, A
0x00AB	0x8616    	MOV FARG_LCDsendSymb_symbol, @R0
0x00AD	0x1174    	ACALL _LCDsendSymb
;MyProject.c,77 :: 		iter++;
0x00AF	0x0515    	INC LCDsendData_iter_L0
;MyProject.c,78 :: 		if(cursorPos==16)
0x00B1	0xE531    	MOV A, _cursorPos
0x00B3	0x6410    	XRL A, #16
0x00B5	0x7005    	JNZ L_LCDsendData4
;MyProject.c,79 :: 		LCDsendCom(SECOND_ROW);
0x00B7	0x7516C0  	MOV FARG_LCDsendCom_command, #192
0x00BA	0x1183    	ACALL _LCDsendCom
L_LCDsendData4:
;MyProject.c,80 :: 		}
0x00BC	0x80DE    	SJMP L_LCDsendData2
L_LCDsendData3:
;MyProject.c,81 :: 		}
0x00BE	0x22      	RET
; end of _LCDsendData
_UART1_Write:
;__Lib_UART_Timer1.c,27 :: 		
;__Lib_UART_Timer1.c,28 :: 		
0x00BF	0xC299    	CLR SCON.B1
;__Lib_UART_Timer1.c,29 :: 		
0x00C1	0x851499  	MOV SBUF, FARG_UART1_Write_data_+0
;__Lib_UART_Timer1.c,30 :: 		
L_UART1_Write0:
0x00C4	0x209902  	JB SCON.B1, L_UART1_Write1
;__Lib_UART_Timer1.c,31 :: 		
0x00C7	0x80FB    	SJMP L_UART1_Write0
L_UART1_Write1:
;__Lib_UART_Timer1.c,32 :: 		
0x00C9	0xC299    	CLR SCON.B1
;__Lib_UART_Timer1.c,33 :: 		
0x00CB	0x22      	RET
; end of _UART1_Write
___CC2D:
;__Lib_System.c,13 :: 		
;__Lib_System.c,15 :: 		
_CC2D_Loop1:
;__Lib_System.c,16 :: 		
0x00CC	0xE4      	CLR A
;__Lib_System.c,17 :: 		
0x00CD	0x93      	MOVC A, @A+DPTR
;__Lib_System.c,18 :: 		
0x00CE	0xF6      	MOV @R0, A
;__Lib_System.c,19 :: 		
0x00CF	0x08      	INC R0
;__Lib_System.c,20 :: 		
0x00D0	0xA3      	INC DPTR
;__Lib_System.c,21 :: 		
0x00D1	0xD9F9    	DJNZ R1, _CC2D_Loop1
;__Lib_System.c,23 :: 		
0x00D3	0x22      	RET
; end of ___CC2D
_LCDstart:
;MyProject.c,64 :: 		void LCDstart(){
;MyProject.c,65 :: 		LCDsendCom(0x28);  //
0x00D4	0x751628  	MOV FARG_LCDsendCom_command, #40
0x00D7	0x1183    	ACALL _LCDsendCom
;MyProject.c,66 :: 		LCDsendCom(0x0f);  //              ,
0x00D9	0x75160F  	MOV FARG_LCDsendCom_command, #15
0x00DC	0x1183    	ACALL _LCDsendCom
;MyProject.c,67 :: 		LCDsendCom(FIRST_ROW);
0x00DE	0x751680  	MOV FARG_LCDsendCom_command, #128
0x00E1	0x1183    	ACALL _LCDsendCom
;MyProject.c,68 :: 		LCDclear();
0x00E3	0x1190    	ACALL _LCDclear
;MyProject.c,69 :: 		}
0x00E5	0x22      	RET
; end of _LCDstart
_UART1_Init:
;__Lib_UART_Timer1.c,15 :: 		
;__Lib_UART_Timer1.c,16 :: 		
0x00E6	0x7508BF  	MOV _UART_Wr_Ptr, lo_addr(_UART1_Write)
0x00E9	0x750900  	MOV _UART_Wr_Ptr+1, hi_addr(_UART1_Write)
0x00EC	0x750A14  	MOV _UART_Wr_Ptr+2, lo_addr(FARG_UART1_Write_data_)
;__Lib_UART_Timer1.c,17 :: 		
0x00EF	0x750BFF  	MOV _UART_Rd_Ptr, lo_addr(_UART1_Read)
0x00F2	0x750CFF  	MOV _UART_Rd_Ptr+1, hi_addr(_UART1_Read)
0x00F5	0x750D00  	MOV _UART_Rd_Ptr+2, 0
;__Lib_UART_Timer1.c,18 :: 		
0x00F8	0x750EFF  	MOV _UART_Rdy_Ptr, lo_addr(_UART1_Data_Ready)
0x00FB	0x750FFF  	MOV _UART_Rdy_Ptr+1, hi_addr(_UART1_Data_Ready)
0x00FE	0x751000  	MOV _UART_Rdy_Ptr+2, 0
;__Lib_UART_Timer1.c,21 :: 		
0x0101	0x759850  	MOV SCON, #80
;__Lib_UART_Timer1.c,22 :: 		
0x0104	0x758780  	MOV PCON, #128
;__Lib_UART_Timer1.c,23 :: 		
0x0107	0x758840  	MOV TCON, #64
;__Lib_UART_Timer1.c,24 :: 		
0x010A	0x758920  	MOV TMOD, #32
;__Lib_UART_Timer1.c,25 :: 		
0x010D	0x22      	RET
; end of _UART1_Init
_LCDsendMsg:
;MyProject.c,83 :: 		void LCDsendMsg(char* msg)
;MyProject.c,85 :: 		LCDclear();
0x010E	0x1190    	ACALL _LCDclear
;MyProject.c,86 :: 		LCDsendData(msg);
0x0110	0x851114  	MOV FARG_LCDsendData_symbols, FARG_LCDsendMsg_msg+0
0x0113	0x1199    	ACALL _LCDsendData
;MyProject.c,87 :: 		}
0x0115	0x22      	RET
; end of _LCDsendMsg
_UART1_Write_Text:
;__Lib_UART_Timer1.c,48 :: 		
;__Lib_UART_Timer1.c,49 :: 		
0x0116	0x751200  	MOV UART1_Write_Text_counter_L0, #0
;__Lib_UART_Timer1.c,50 :: 		
0x0119	0xA811    	MOV R0, FARG_UART1_Write_Text_uart_text
0x011B	0x8613    	MOV UART1_Write_Text_data__L0, @R0
;__Lib_UART_Timer1.c,51 :: 		
L_UART1_Write_Text2:
0x011D	0xE513    	MOV A, UART1_Write_Text_data__L0
0x011F	0x6010    	JZ L_UART1_Write_Text3
;__Lib_UART_Timer1.c,52 :: 		
0x0121	0x851314  	MOV FARG_UART1_Write_data_, UART1_Write_Text_data__L0+0
0x0124	0x11BF    	ACALL _UART1_Write
;__Lib_UART_Timer1.c,53 :: 		
0x0126	0x0512    	INC UART1_Write_Text_counter_L0
;__Lib_UART_Timer1.c,54 :: 		
0x0128	0xE511    	MOV A, FARG_UART1_Write_Text_uart_text
0x012A	0x2512    	ADD A, UART1_Write_Text_counter_L0
0x012C	0xF8      	MOV R0, A
0x012D	0x8613    	MOV UART1_Write_Text_data__L0, @R0
;__Lib_UART_Timer1.c,55 :: 		
0x012F	0x80EC    	SJMP L_UART1_Write_Text2
L_UART1_Write_Text3:
;__Lib_UART_Timer1.c,56 :: 		
0x0131	0x22      	RET
; end of _UART1_Write_Text
_main:
0x0132	0x758180  	MOV SP, #128
0x0135	0x12017B  	LCALL 379
;MyProject.c,231 :: 		void main() {
;MyProject.c,232 :: 		P1=255;
0x0138	0x7590FF  	MOV P1, #255
;MyProject.c,234 :: 		LCDsendCom(0x02);  //
0x013B	0x751602  	MOV FARG_LCDsendCom_command, #2
0x013E	0x1183    	ACALL _LCDsendCom
;MyProject.c,235 :: 		Delay_ms(20);      //
0x0140	0x7E21    	MOV R6, 33
0x0142	0x7F6B    	MOV R7, 107
0x0144	0xDFFE    	DJNZ R7, PC-2
0x0146	0xDEFC    	DJNZ R6, PC-4
0x0148	0x00      	NOP
;MyProject.c,237 :: 		LCDstart();
0x0149	0x11D4    	ACALL _LCDstart
;MyProject.c,239 :: 		LCDsendMsg("biba");
0x014B	0x751132  	MOV FARG_LCDsendMsg_msg, lo_addr(?lstr1_MyProject)
0x014E	0x310E    	ACALL _LCDsendMsg
;MyProject.c,245 :: 		UART1_Init(9600);               // Initialize UART module at 4800 bps
0x0150	0x438780  	ORL PCON, #128
0x0153	0x758DFB  	MOV TH1, #251
0x0156	0x758BFB  	MOV TL1, #251
0x0159	0x11E6    	ACALL _UART1_Init
;MyProject.c,246 :: 		Delay_ms(200);                  // Wait for UART module to stabilize
0x015B	0x7D02    	MOV R5, 2
0x015D	0x7E45    	MOV R6, 69
0x015F	0x7F3D    	MOV R7, 61
0x0161	0xDFFE    	DJNZ R7, PC-2
0x0163	0xDEFC    	DJNZ R6, PC-4
0x0165	0xDDFA    	DJNZ R5, PC-6
;MyProject.c,248 :: 		UART1_Write_Text("Start");
0x0167	0x751137  	MOV FARG_UART1_Write_Text_uart_text, lo_addr(?lstr2_MyProject)
0x016A	0x3116    	ACALL _UART1_Write_Text
;MyProject.c,252 :: 		}
0x016C	0x80FE    	SJMP #254
; end of _main
0x017B	0x7830    	MOV R0, 48
0x017D	0x790D    	MOV R1, 13
0x017F	0x75826E  	MOV DP0L, 110
0x0182	0x758301  	MOV DP0H, 1
0x0185	0x1200CC  	LCALL 204
0x0188	0x22      	RET
;MyProject.c,0 :: ?ICS_flags
0x016E	0x80 ;?ICS_flags+0
; end of ?ICS_flags
;MyProject.c,0 :: ?ICS_cursorPos
0x016F	0x00 ;?ICS_cursorPos+0
; end of ?ICS_cursorPos
;MyProject.c,0 :: ?ICS?lstr1_MyProject
0x0170	0x626962 ;?ICS?lstr1_MyProject+0
0x0173	0x6100 ;?ICS?lstr1_MyProject+3
; end of ?ICS?lstr1_MyProject
;MyProject.c,0 :: ?ICS?lstr2_MyProject
0x0175	0x537461 ;?ICS?lstr2_MyProject+0
0x0178	0x727400 ;?ICS?lstr2_MyProject+3
; end of ?ICS?lstr2_MyProject
Symbol List:
//** Routines locations **
//ADDRESS    SIZE    PROCEDURE
//----------------------------------------------
0x002E      [46]    _LCDsend4bit
0x005C      [24]    _LCDsend
0x0074      [15]    _LCDsendSymb
0x0083      [13]    _LCDsendCom
0x0090       [9]    _LCDclear
0x0099      [38]    _LCDsendData
0x00BF      [13]    _UART1_Write
0x00CC       [8]    ___CC2D
0x00D4      [18]    _LCDstart
0x00E6      [40]    _UART1_Init
0x010E       [8]    _LCDsendMsg
0x0116      [28]    _UART1_Write_Text
0x0132      [60]    _main
//** Variables locations ** 
//ADDRESS    SIZE    VARIABLE
//----------------------------------------------
0x0000       [1]    R0
0x0001       [1]    R1
0x0002       [1]    R2
0x0003       [1]    R3
0x0004       [1]    R4
0x0005       [1]    R5
0x0006       [1]    R6
0x0007       [1]    R7
0x0008       [3]    _UART_Wr_Ptr
0x000B       [3]    _UART_Rd_Ptr
0x000E       [3]    _UART_Rdy_Ptr
0x0011       [1]    FARG_UART1_Write_Text_uart_text
0x0011       [1]    FARG_LCDsendMsg_msg
0x0012       [1]    UART1_Write_Text_counter_L0
0x0013       [1]    UART1_Write_Text_data__L0
0x0014       [1]    FARG_LCDsendData_symbols
0x0014       [1]    FARG_UART1_Write_data_
0x0015       [1]    LCDsendData_iter_L0
0x0016       [1]    FARG_LCDsendSymb_symbol
0x0016       [1]    FARG_LCDsendCom_command
0x0017       [1]    FARG_LCDsend_buf
0x0018       [1]    FARG_LCDsend4bit_buf
0x0030       [0]    _comFlag
0x0030       [1]    _flags
0x0031       [1]    _cursorPos
0x0032       [5]    ?lstr1_MyProject
0x0037       [6]    ?lstr2_MyProject
0x0081       [1]    SP
0x0082       [1]    DPL
0x0083       [1]    DPH
0x0087       [1]    PCON
0x0088       [1]    TCON
0x0089       [1]    TMOD
0x008B       [1]    TL1
0x008D       [1]    TH1
0x0090       [0]    P1_5_bit
0x0090       [0]    LCD_RS
0x0090       [0]    LCD_EN
0x0090       [1]    P1
0x0090       [0]    P1_2_bit
0x0098       [1]    SCON
0x0099       [1]    SBUF
0x00A0       [1]    P2
0x00A0       [0]    P2_4_bit
0x00A0       [0]    P2_6_bit
0x00A0       [0]    P2_7_bit
0x00A0       [0]    P2_5_bit
0x00D0       [1]    PSW
0x00E0       [1]    ACC
0x00F0       [1]    B
//** Constants locations ** 
//ADDRESS    SIZE    CONSTANT
//----------------------------------------------
0x016E       [1]    ?ICS_flags
0x016F       [1]    ?ICS_cursorPos
0x0170       [5]    ?ICS?lstr1_MyProject
0x0175       [6]    ?ICS?lstr2_MyProject
//** Label List: ** 
//----------------------------------------------
  L_LCDsend4bit0
  L_LCDsend4bit1
  L_LCDsendData2
  L_LCDsendData3
  L_LCDsendData4
  L_digToSymb5
  L_digToSymb6
  L_digToSymb7
  L_digToSymb8
  L_digToSymb9
  L_digToSymb10
  L_insertNumber111
  L_insertNumber112
  L_insertNumber113
  L_insertNumber114
  L_insertNumber115
  L_insertNumber116
  L_insertNumber117
  L_insertNumber118
  L_insertNumber119
  L_insertNumber120
  L_insertNumber121
  L_insertNumber122
  L_insertNumber123
  L_insertNumber124
  L_insertNumber125
  L_insertNumber126
  L_insertNumber127
  L_insertNumber128
  L_insertNumber129
  L_insertNumber130
  L_insertNumber131
  L_insertNumber132
  L_insertNumber133
  L_insertNumber134
  L_insertNumber135
  L_insertNumber136
  L_insertNumber137
  L_insertNumber138
  L_insertNumber139
  L_insertNumber240
  L_insertNumber241
  L_insertNumber242
  L_insertNumber243
  L_insertNumber244
  L_send45
  L_send46
  L_send47
  L_send48
  L__insertNumber149
  L__insertNumber150
  _LCDsend4bit
  _LCDsend
  L__LCDsend51
  L__LCDsend52
  _LCDsendCom
  _LCDclear
  _LCDsendSymb
  _LCDstart
  _LCDsendData
  _LCDsendMsg
  _digToSymb
  _serialportInit
  _timer1Init
  _insertNumber1
  _insertNumber2
  _send
  _main
  _CC2D_Loop1
  _CC2PD_Loop1
  _CC2XD_Loop1
  ___DoIFC
  ___CC2D
  ___CC2PD
  ___CC2XD
  L_UART1_Write0
  L_UART1_Write1
  L_UART1_Write_Text2
  L_UART1_Write_Text3
  L_UART1_Read_Text4
  L_UART1_Read_Text5
  L_UART1_Read_Text6
  L_UART1_Read_Text7
  L_UART1_Read_Text8
  L_UART1_Read_Text9
  L_UART1_Read_Text10
  L_UART1_Read_Text11
  L_UART1_Read_Text12
  L_UART_Write_Text13
  L_UART_Write_Text14
  L_UART_Read_Text15
  L_UART_Read_Text16
  L_UART_Read_Text17
  L_UART_Read_Text18
  L_UART_Read_Text19
  L_UART_Read_Text20
  L_UART_Read_Text21
  L_UART_Read_Text22
  L_UART_Read_Text23
  _UART1_Init
  _UART1_Write
  _UART1_Data_Ready
  _UART1_Read
  _UART1_Write_Text
  _UART1_Read_Text
  _UART_Set_Active
  _UART_Write
  _UART_Write_Text
  _UART_Read
  _UART_Data_Ready
  _UART_Read_Text
