0	1	mikroc8051.exe -MSF -DBG -pAT89S8253 -ES -DL -O11111114 -fo10 -N"C:\Users\hp\Desktop\microcontroller\BIV213\MyProject.mcp51" -SP"C:\Users\Public\Documents\Mikroelektronika\mikroC PRO for 8051\defs\" -SP"C:\Users\hp\Desktop\microcontroller\BIV213\" -SP"C:\Users\digod\Documents\microcontroller\BIV213\" -SP"C:\Users\hp\Desktop\mk_hw\BIV213\" -SP"C:\Program Files (x86)\MikroElektronika\mikroC PRO for 8051\defs\" -SP"C:\Users\Администратор\Desktop\BIV213\" -SP"C:\Users\digod\Desktop\BIV213\" -SP"C:\Users\Public\Documents\Mikroelektronika\mikroC PRO for 8051\Uses\ATMEL\" -SP"C:\BIV213\" -SP"C:\Program Files (x86)\MikroElektronika\mikroC PRO for 8051\Uses\ATMEL\" "MyProject.c" "__Lib_Math.mcl" "__Lib_MathDouble.mcl" "__Lib_System.mcl" "__Lib_Delays.mcl" "__Lib_EEPROM_rwb.mcl" "__Lib_SPI_SPCR.mcl" "__Lib_UART_Timer1.mcl" "__Lib_CType.mcl" "__Lib_CString.mcl" "__Lib_CStdlib.mcl" "__Lib_CMath.mcl" "__Lib_Conversions.mcl" "__Lib_Sprintf.mcl" "__Lib_PrintOut.mcl" "__Lib_Sprinti.mcl" "__Lib_Sprintl.mcl" "__Lib_Time.mcl" "__Lib_Trigonometry.mcl" "__Lib_Button.mcl" "__Lib_Keypad4x4.mcl" "__Lib_Manchester.mcl" "__Lib_OneWire.mcl" "__Lib_PS2.mcl" "__Lib_Sound.mcl" "__Lib_SoftI2C.mcl" "__Lib_SoftSPI.mcl" "__Lib_SoftUART.mcl" "__Lib_PortExpander.mcl" "__Lib_CANSPI.mcl" "__Lib_GlcdFonts.mcl" "__Lib_Glcd.mcl" "__Lib_LcdConsts.mcl" "__Lib_Lcd.mcl" "__Lib_RS485.mcl" "__Lib_T6963C.mcl" "__Lib_SPIGlcd.mcl" "__Lib_SPILcd.mcl" "__Lib_SPILcd8.mcl" "__Lib_SPIT6963C.mcl" "__Lib_EthEnc28j60.mcl"	 
warning: 0	1501	Specified search path does not exist: 'C:\Users\digod\Documents\microcontroller\BIV213'	 
warning: 0	1501	Specified search path does not exist: 'C:\Users\hp\Desktop\mk_hw\BIV213'	 
warning: 0	1501	Specified search path does not exist: 'C:\Program Files (x86)\MikroElektronika\mikroC PRO for 8051\defs'	 
warning: 0	1501	Specified search path does not exist: 'C:\Users\Администратор\Desktop\BIV213'	 
warning: 0	1501	Specified search path does not exist: 'C:\Users\digod\Desktop\BIV213'	 
warning: 0	1501	Specified search path does not exist: 'C:\BIV213'	 
warning: 0	1501	Specified search path does not exist: 'C:\Program Files (x86)\MikroElektronika\mikroC PRO for 8051\Uses\ATMEL'	 
diagnostics: 0	122	Compilation Started	MyProject.c
diagnostics: 310	123	Compiled Successfully	MyProject.c
hint: 284	1164	Variable 'temp1' has been eliminated by optimizer	MyProject.c
diagnostics: 0	127	All files Compiled in 125 ms	 
hint: 0	1144	Used BDATA RAM (bytes): 0 (1%) Free BDATA RAM (bytes): 16 (99%)	Used BDATA RAM (bytes): 0 (1%) Free BDATA RAM (bytes): 16 (99%)
hint: 0	1144	Used DATA RAM (bytes): 32 (31%) Free DATA RAM (bytes): 72 (69%)	Used DATA RAM (bytes): 32 (31%) Free DATA RAM (bytes): 72 (69%)
hint: 0	1144	Used IDATA RAM (bytes): 0 (1%) Free IDATA RAM (bytes): 128 (99%)	Used IDATA RAM (bytes): 0 (1%) Free IDATA RAM (bytes): 128 (99%)
hint: 0	1144	Used ROM (bytes): 410 (3%)  Free ROM (bytes): 11878 (97%)	Used ROM (bytes): 410 (3%)  Free ROM (bytes): 11878 (97%)
diagnostics: 0	125	Project Linked Successfully	MyProject.mcp51
diagnostics: 0	128	Linked in 125 ms	 
diagnostics: 0	129	Project 'MyProject.mcp51' completed: 406 ms	 
diagnostics: 0	103	Finished successfully: 06 июн 2024, 18:17:34	MyProject.mcp51
